<?xml version="1.0" encoding="UTF-8"?>
<!-- Generated by org.testng.reporters.JUnitReportReporter -->
<testsuite name="web_automation.projectx.VerifySearch" tests="1" time="9.332" ignored="0" failures="0" timestamp="15 Jul 2019 14:47:36 GMT" skipped="0" hostname="OF-CLIENT-200" errors="0">
  <testcase name="searhTest1" time="9.332" classname="web_automation.projectx.VerifySearch"/>
</testsuite> <!-- web_automation.projectx.VerifySearch -->
